\BOOKMARK [0][-]{chapter*.1}{Abstract}{}% 1
\BOOKMARK [0][-]{chapter*.2}{Acknowledgements}{}% 2
\BOOKMARK [0][-]{chapter*.4}{List of Tables}{}% 3
\BOOKMARK [0][-]{chapter*.5}{List of Figures}{}% 4
\BOOKMARK [0][-]{chapter.1}{Introduction}{}% 5
\BOOKMARK [1][-]{section.1.1}{General introduction}{chapter.1}% 6
\BOOKMARK [1][-]{section.1.2}{Overview}{chapter.1}% 7
\BOOKMARK [1][-]{section.1.3}{Overall conclusion and future perspectives}{chapter.1}% 8
\BOOKMARK [1][-]{section.1.4}{Author contributions}{chapter.1}% 9
\BOOKMARK [0][-]{chapter.2}{Linking modern coexistence theory and contemporary niche theory}{}% 10
\BOOKMARK [1][-]{section.2.1}{Abstract}{chapter.2}% 11
\BOOKMARK [1][-]{section.2.2}{Introduction}{chapter.2}% 12
\BOOKMARK [1][-]{section.2.3}{Modern coexistence theory and the niche}{chapter.2}% 13
\BOOKMARK [1][-]{section.2.4}{Coexistence and contemporary niche theory}{chapter.2}% 14
\BOOKMARK [1][-]{section.2.5}{Disentangling definitions of niche overlap}{chapter.2}% 15
\BOOKMARK [1][-]{section.2.6}{Translating impacts and requirements into stabilizing and equalizing processes}{chapter.2}% 16
\BOOKMARK [2][-]{subsection.2.6.1}{Resource ratios}{section.2.6}% 17
\BOOKMARK [2][-]{subsection.2.6.2}{Impact niche overlap}{section.2.6}% 18
\BOOKMARK [2][-]{subsection.2.6.3}{Requirement niche overlap}{section.2.6}% 19
\BOOKMARK [1][-]{section.2.7}{The empiricist's dilemma: which framework?}{chapter.2}% 20
\BOOKMARK [1][-]{section.2.8}{Future directions}{chapter.2}% 21
\BOOKMARK [1][-]{section.2.9}{Conclusions}{chapter.2}% 22
\BOOKMARK [1][-]{section.2.10}{Acknowledgements}{chapter.2}% 23
\BOOKMARK [1][-]{section.2.11}{Figures}{chapter.2}% 24
\BOOKMARK [0][-]{chapter.3}{Coexistence theory and the frequency-dependence of priority effects}{}% 25
\BOOKMARK [1][-]{section.3.1}{Abstract}{chapter.3}% 26
\BOOKMARK [1][-]{section.3.2}{Main text}{chapter.3}% 27
\BOOKMARK [1][-]{section.3.3}{Methods}{chapter.3}% 28
\BOOKMARK [2][-]{subsection.3.3.1}{Positive frequency dependence in an equilibrium system}{section.3.3}% 29
\BOOKMARK [2][-]{subsection.3.3.2}{Positive frequency dependence in an non-equilibrium system}{section.3.3}% 30
\BOOKMARK [1][-]{section.3.4}{Acknowledgements}{chapter.3}% 31
\BOOKMARK [1][-]{section.3.5}{Figures}{chapter.3}% 32
\BOOKMARK [0][-]{chapter.4}{Effects of soil microbes on plant competition: a perspective from modern coexistence theory}{}% 33
\BOOKMARK [1][-]{section.4.1}{Abstract}{chapter.4}% 34
\BOOKMARK [1][-]{section.4.2}{Introduction}{chapter.4}% 35
\BOOKMARK [1][-]{section.4.3}{Modeling plant\205soil microbe interactions}{chapter.4}% 36
\BOOKMARK [2][-]{subsection.4.3.1}{A brief overview of past modeling achievements}{section.4.3}% 37
\BOOKMARK [2][-]{subsection.4.3.2}{Model}{section.4.3}% 38
\BOOKMARK [2][-]{subsection.4.3.3}{Quantifying the components of modern coexistence theory}{section.4.3}% 39
\BOOKMARK [1][-]{section.4.4}{Synthesizing microbial effects on plant coexistence}{chapter.4}% 40
\BOOKMARK [2][-]{subsection.4.4.1}{Simulating different plant\205soil microbe interaction scenarios}{section.4.4}% 41
\BOOKMARK [2][-]{subsection.4.4.2}{A general categorization of soil microbial effects}{section.4.4}% 42
\BOOKMARK [1][-]{section.4.5}{Applying modern coexistence theory to plant\205soil microbe interaction experiments}{chapter.4}% 43
\BOOKMARK [2][-]{subsection.4.5.1}{Recommendations for empirical experimental design}{section.4.5}% 44
\BOOKMARK [2][-]{subsection.4.5.2}{Applying the conceptual framework: a case study}{section.4.5}% 45
\BOOKMARK [1][-]{section.4.6}{Conclusion}{chapter.4}% 46
\BOOKMARK [1][-]{section.4.7}{Acknowledgements}{chapter.4}% 47
\BOOKMARK [1][-]{section.4.8}{Tables}{chapter.4}% 48
\BOOKMARK [1][-]{section.4.9}{Figures}{chapter.4}% 49
\BOOKMARK [0][-]{chapter.5}{Testing chronosequence predictions with longitudinal data reveals microbial community convergence}{}% 50
\BOOKMARK [1][-]{section.5.1}{Abstract}{chapter.5}% 51
\BOOKMARK [1][-]{section.5.2}{Introduction}{chapter.5}% 52
\BOOKMARK [1][-]{section.5.3}{Methods}{chapter.5}% 53
\BOOKMARK [1][-]{section.5.4}{Results}{chapter.5}% 54
\BOOKMARK [1][-]{section.5.5}{Discussion}{chapter.5}% 55
\BOOKMARK [1][-]{section.5.6}{Acknowledgments}{chapter.5}% 56
\BOOKMARK [1][-]{section.5.7}{Figures}{chapter.5}% 57
\BOOKMARK [0][-]{chapter.6}{Dynamic plant\205soil microbe interactions: the neglected effect of soil conditioning time}{}% 58
\BOOKMARK [1][-]{section.6.1}{Abstract}{chapter.6}% 59
\BOOKMARK [1][-]{section.6.2}{Introduction}{chapter.6}% 60
\BOOKMARK [1][-]{section.6.3}{Methods}{chapter.6}% 61
\BOOKMARK [1][-]{section.6.4}{Results}{chapter.6}% 62
\BOOKMARK [1][-]{section.6.5}{Discussion}{chapter.6}% 63
\BOOKMARK [1][-]{section.6.6}{Conclusion}{chapter.6}% 64
\BOOKMARK [1][-]{section.6.7}{Acknowledgements}{chapter.6}% 65
\BOOKMARK [1][-]{section.6.8}{Figures}{chapter.6}% 66
\BOOKMARK [0][-]{appendix.A}{Linking modern coexistence theory and contemporary niche theory: Appendices S1\205S5}{}% 67
\BOOKMARK [1][-]{section.A.1}{Appendix S1 \205 Mathematical derivation of Chesson's niche overlap and fitness differences for consumer\205resource models}{appendix.A}% 68
\BOOKMARK [1][-]{section.A.2}{Appendix S2 \205 Analytical form and positivity criteria of ENi*}{appendix.A}% 69
\BOOKMARK [1][-]{section.A.3}{Appendix S3 \205 The effect of changing impact niche overlap asymmetrically}{appendix.A}% 70
\BOOKMARK [1][-]{section.A.4}{Appendix S4 \205 The effect of rotating the impact vectors whilst holding impact niche overlap constant}{appendix.A}% 71
\BOOKMARK [1][-]{section.A.5}{Appendix S5 \205 The effects of changing requirement niche overlap without fixing the equilibrium resource density for the essential resources model}{appendix.A}% 72
\BOOKMARK [0][-]{appendix.B}{Coexistence theory and the frequency-dependence of priority effects: Appendix S1}{}% 73
\BOOKMARK [1][-]{section.B.1}{Appendix S1 \205 Positive frequency dependence in an equilibrium and nonequilibrium systems}{appendix.B}% 74
\BOOKMARK [0][-]{appendix.C}{Effects of soil microbes on plant competition: a perspective from modern coexistence theory: Appendices S1 \205 S4}{}% 75
\BOOKMARK [1][-]{section.C.1}{Appendix S1 \205 Deriving the general plant\205soil microbe interaction model from other candidate models}{appendix.C}% 76
\BOOKMARK [1][-]{section.C.2}{Appendix S2 \205 Separating stabilizing and equalizing components}{appendix.C}% 77
\BOOKMARK [1][-]{section.C.3}{Appendix S3 \205 Invasion analysis for the plant\205soil microbe interaction model}{appendix.C}% 78
\BOOKMARK [1][-]{section.C.4}{Appendix S4 \205 Supplementary Tables and Figures}{appendix.C}% 79
\BOOKMARK [0][-]{appendix.D}{Testing chronosequence predictions with longitudinal data reveals microbial community convergence: Appendix S1}{}% 80
\BOOKMARK [1][-]{section.D.1}{Appendix S1 \205 Supplementary Figures}{appendix.D}% 81
\BOOKMARK [0][-]{appendix.E}{Dynamic plant\205soil microbe interactions: the neglected effect of soil conditioning time: Appendices S1\205S2}{}% 82
\BOOKMARK [1][-]{section.E.1}{Appendix S1 \205 Detailed methods}{appendix.E}% 83
\BOOKMARK [2][-]{subsection.E.1.1}{DNA sequencing of fungal and bacterial communities}{section.E.1}% 84
\BOOKMARK [2][-]{subsection.E.1.2}{Statistical analysis of microbial communities}{section.E.1}% 85
\BOOKMARK [2][-]{subsection.E.1.3}{Greenhouse experiment}{section.E.1}% 86
\BOOKMARK [2][-]{subsection.E.1.4}{Simulation model}{section.E.1}% 87
\BOOKMARK [1][-]{section.E.2}{Appendix S2 \205 Supplementary Figures}{appendix.E}% 88
\BOOKMARK [0][-]{appendix.F}{Bibliography}{}% 89
